<?xml version="1.0" encoding="utf-8"?><testsuites name="pytest tests"><testsuite name="pytest" errors="0" failures="0" skipped="0" tests="23" time="9.284" timestamp="2026-05-04T03:02:21.468263+00:00" hostname="agent-env-a168fb42-c103-4618-b326-3953e173872d"><testcase classname="backend.tests.test_enrichment.TestEnrichment" name="test_bulk_save_triggers_background_enrichment_for_uid_4" time="2.782" /><testcase classname="backend.tests.test_enrichment.TestEnrichment" name="test_enrich_endpoint_all" time="0.586" /><testcase classname="backend.tests.test_enrichment.TestEnrichment" name="test_enrich_endpoint_specific_id" time="0.430" /><testcase classname="backend.tests.test_enrichment.TestEnrichment" name="test_enrich_handles_invalid_uid_gracefully" time="0.439" /><testcase classname="backend.tests.test_fb_checker_api.TestAuth" name="test_root" time="0.103" /><testcase classname="backend.tests.test_fb_checker_api.TestAuth" name="test_admin_login" time="0.331" /><testcase classname="backend.tests.test_fb_checker_api.TestAuth" name="test_me_returns_user" time="0.103" /><testcase classname="backend.tests.test_fb_checker_api.TestAuth" name="test_me_unauth_401" time="0.149" /><testcase classname="backend.tests.test_fb_checker_api.TestAuth" name="test_register_creates_user" time="0.408" /><testcase classname="backend.tests.test_fb_checker_api.TestAuth" name="test_register_duplicate_400" time="0.151" /><testcase classname="backend.tests.test_fb_checker_api.TestAuth" name="test_login_wrong_password_401" time="0.335" /><testcase classname="backend.tests.test_fb_checker_api.TestAuth" name="test_brute_force_lockout" time="1.378" /><testcase classname="backend.tests.test_fb_checker_api.TestParser" name="test_parse_extracts_and_dedupes" time="0.160" /><testcase classname="backend.tests.test_fb_checker_api.TestParser" name="test_parse_empty" time="0.133" /><testcase classname="backend.tests.test_fb_checker_api.TestParser" name="test_parse_unauth" time="0.107" /><testcase classname="backend.tests.test_fb_checker_api.TestAccountsFlow" name="test_bulk_save" time="0.116" /><testcase classname="backend.tests.test_fb_checker_api.TestAccountsFlow" name="test_bulk_save_dedupes" time="0.101" /><testcase classname="backend.tests.test_fb_checker_api.TestAccountsFlow" name="test_list_accounts" time="0.104" /><testcase classname="backend.tests.test_fb_checker_api.TestAccountsFlow" name="test_list_filter_status" time="0.237" /><testcase classname="backend.tests.test_fb_checker_api.TestAccountsFlow" name="test_mock_check" time="0.243" /><testcase classname="backend.tests.test_fb_checker_api.TestAccountsFlow" name="test_stats_after_check" time="0.107" /><testcase classname="backend.tests.test_fb_checker_api.TestAccountsFlow" name="test_delete_one" time="0.348" /><testcase classname="backend.tests.test_fb_checker_api.TestAccountsFlow" name="test_bulk_delete" time="0.344" /></testsuite></testsuites>