<?xml version="1.0" encoding="utf-8"?><testsuites name="pytest tests"><testsuite name="pytest" errors="0" failures="1" skipped="0" tests="19" time="5.154" timestamp="2026-05-04T02:38:32.693330+00:00" hostname="agent-env-a168fb42-c103-4618-b326-3953e173872d"><testcase classname="backend.tests.test_fb_checker_api.TestAuth" name="test_root" time="0.177" /><testcase classname="backend.tests.test_fb_checker_api.TestAuth" name="test_admin_login" time="0.357" /><testcase classname="backend.tests.test_fb_checker_api.TestAuth" name="test_me_returns_user" time="0.112" /><testcase classname="backend.tests.test_fb_checker_api.TestAuth" name="test_me_unauth_401" time="0.117" /><testcase classname="backend.tests.test_fb_checker_api.TestAuth" name="test_register_creates_user" time="0.358" /><testcase classname="backend.tests.test_fb_checker_api.TestAuth" name="test_register_duplicate_400" time="0.110" /><testcase classname="backend.tests.test_fb_checker_api.TestAuth" name="test_login_wrong_password_401" time="0.331" /><testcase classname="backend.tests.test_fb_checker_api.TestAuth" name="test_brute_force_lockout" time="1.526"><failure message="AssertionError: expected at least one lockout in 12 attempts, got: [401, 401, 401, 401, 401, 401, 401, 500, 401, 401, 401, 500]&#10;assert 429 in [401, 401, 401, 401, 401, 401, ...]">backend/tests/test_fb_checker_api.py:111: in test_brute_force_lockout
    assert 429 in statuses, f"expected at least one lockout in 12 attempts, got: {statuses}"
E   AssertionError: expected at least one lockout in 12 attempts, got: [401, 401, 401, 401, 401, 401, 401, 500, 401, 401, 401, 500]
E   assert 429 in [401, 401, 401, 401, 401, 401, ...]</failure></testcase><testcase classname="backend.tests.test_fb_checker_api.TestParser" name="test_parse_extracts_and_dedupes" time="0.112" /><testcase classname="backend.tests.test_fb_checker_api.TestParser" name="test_parse_empty" time="0.114" /><testcase classname="backend.tests.test_fb_checker_api.TestParser" name="test_parse_unauth" time="0.113" /><testcase classname="backend.tests.test_fb_checker_api.TestAccountsFlow" name="test_bulk_save" time="0.111" /><testcase classname="backend.tests.test_fb_checker_api.TestAccountsFlow" name="test_bulk_save_dedupes" time="0.109" /><testcase classname="backend.tests.test_fb_checker_api.TestAccountsFlow" name="test_list_accounts" time="0.113" /><testcase classname="backend.tests.test_fb_checker_api.TestAccountsFlow" name="test_list_filter_status" time="0.235" /><testcase classname="backend.tests.test_fb_checker_api.TestAccountsFlow" name="test_mock_check" time="0.230" /><testcase classname="backend.tests.test_fb_checker_api.TestAccountsFlow" name="test_stats_after_check" time="0.112" /><testcase classname="backend.tests.test_fb_checker_api.TestAccountsFlow" name="test_delete_one" time="0.349" /><testcase classname="backend.tests.test_fb_checker_api.TestAccountsFlow" name="test_bulk_delete" time="0.352" /></testsuite></testsuites>